<?xml version="1.0" encoding="UTF-8"?><testsuite errors="1" failures="0" name="HU-001 Buscar arreglo en Flores De Lujo" skipped="0" tests="1" time="52.28" timestamp="2021-12-18 10:43:27"><testcase name="Buscar arreglo floral"><error message="no such element: Unable to locate element: {&quot;method&quot;:&quot;xpath&quot;,&quot;selector&quot;:&quot;//h1[contains(text(),'Cleopatra')]&quot;}&#10;  (Session info: chrome=96.0.4664.110)&#10;For documentation on this error, please visit: https://www.seleniumhq.org/exceptions/no_such_element.html&#10;Build info: version: '3.141.59', revision: 'e82be7d358', time: '2018-11-14T08:17:03'&#10;System info: host: 'DESKTOP-DTEI1N0', ip: '192.168.0.32', os.name: 'Windows 10', os.arch: 'x86', os.version: '10.0', java.version: '1.8.0_311'&#10;Driver info: org.openqa.selenium.chrome.ChromeDriver&#10;Capabilities {acceptInsecureCerts: false, browserName: chrome, browserVersion: 96.0.4664.110, chrome: {chromedriverVersion: 96.0.4664.45 (76e4c1bb2ab46..., userDataDir: C:\Users\bimas\AppData\Loca...}, goog:chromeOptions: {debuggerAddress: localhost:52726}, javascriptEnabled: true, networkConnectionEnabled: false, pageLoadStrategy: normal, platform: WINDOWS, platformName: WINDOWS, proxy: Proxy(), setWindowRect: true, strictFileInteractability: false, timeouts: {implicit: 0, pageLoad: 300000, script: 30000}, unhandledPromptBehavior: dismiss and notify, webauthn:extension:credBlob: true, webauthn:extension:largeBlob: true, webauthn:virtualAuthenticators: true}&#10;Session ID: 8b58cba7ae12b4be8d375fd1f6f0311b&#10;*** Element info: {Using=xpath, value=//h1[contains(text(),'Cleopatra')]}" type="java.lang.AssertionError">no such element: Unable to locate element: {"method":"xpath","selector":"//h1[contains(text(),'Cleopatra')]"}
  (Session info: chrome=96.0.4664.110)
For documentation on this error, please visit: https://www.seleniumhq.org/exceptions/no_such_element.html
Build info: version: '3.141.59', revision: 'e82be7d358', time: '2018-11-14T08:17:03'
System info: host: 'DESKTOP-DTEI1N0', ip: '192.168.0.32', os.name: 'Windows 10', os.arch: 'x86', os.version: '10.0', java.version: '1.8.0_311'
Driver info: org.openqa.selenium.chrome.ChromeDriver
Capabilities {acceptInsecureCerts: false, browserName: chrome, browserVersion: 96.0.4664.110, chrome: {chromedriverVersion: 96.0.4664.45 (76e4c1bb2ab46..., userDataDir: C:\Users\bimas\AppData\Loca...}, goog:chromeOptions: {debuggerAddress: localhost:52726}, javascriptEnabled: true, networkConnectionEnabled: false, pageLoadStrategy: normal, platform: WINDOWS, platformName: WINDOWS, proxy: Proxy(), setWindowRect: true, strictFileInteractability: false, timeouts: {implicit: 0, pageLoad: 300000, script: 30000}, unhandledPromptBehavior: dismiss and notify, webauthn:extension:credBlob: true, webauthn:extension:largeBlob: true, webauthn:virtualAuthenticators: true}
Session ID: 8b58cba7ae12b4be8d375fd1f6f0311b
*** Element info: {Using=xpath, value=//h1[contains(text(),'Cleopatra')]}</error><system-err>no such element: Unable to locate element: {"method":"xpath","selector":"//h1[contains(text(),'Cleopatra')]"}
  (Session info: chrome=96.0.4664.110)
For documentation on this error, please visit: https://www.seleniumhq.org/exceptions/no_such_element.html
Build info: version: '3.141.59', revision: 'e82be7d358', time: '2018-11-14T08:17:03'
System info: host: 'DESKTOP-DTEI1N0', ip: '192.168.0.32', os.name: 'Windows 10', os.arch: 'x86', os.version: '10.0', java.version: '1.8.0_311'
Driver info: org.openqa.selenium.chrome.ChromeDriver
Capabilities {acceptInsecureCerts: false, browserName: chrome, browserVersion: 96.0.4664.110, chrome: {chromedriverVersion: 96.0.4664.45 (76e4c1bb2ab46..., userDataDir: C:\Users\bimas\AppData\Loca...}, goog:chromeOptions: {debuggerAddress: localhost:52726}, javascriptEnabled: true, networkConnectionEnabled: false, pageLoadStrategy: normal, platform: WINDOWS, platformName: WINDOWS, proxy: Proxy(), setWindowRect: true, strictFileInteractability: false, timeouts: {implicit: 0, pageLoad: 300000, script: 30000}, unhandledPromptBehavior: dismiss and notify, webauthn:extension:credBlob: true, webauthn:extension:largeBlob: true, webauthn:virtualAuthenticators: true}
Session ID: 8b58cba7ae12b4be8d375fd1f6f0311b
*** Element info: {Using=xpath, value=//h1[contains(text(),'Cleopatra')]}&#13;
stepsDefinitions.FloresDeLujoStepsDefinitionsB.visualizLosProductosEnPantalla(FloresDeLujoStepsDefinitionsB.java:31)&#13;
✽.visualizo los productos Cleopatra en pantalla(src/test/resources/features/FloresDeLujoB.feature:11)&#13;
</system-err></testcase></testsuite>